<?xml version="1.0" encoding="UTF-8"?>
<!-- Generated by org.testng.reporters.JUnitReportReporter -->
<testsuite hostname="LAPTOP-SJRP3D7L" name="parallel.MyTestRunner" tests="2" failures="1" timestamp="17 Feb 2021 07:25:18 GMT" time="431.649" errors="1">
  <testcase name="runScenario" time="226.421" classname="parallel.MyTestRunner">
    <error type="org.openqa.selenium.NoSuchElementException" message="no such element: Unable to locate element: {&quot;method&quot;:&quot;xpath&quot;,&quot;selector&quot;:&quot;//review-star[@class=&#039;rvs-svg&#039;]//div[@class=&#039;rating-box-wrapper&#039;]//*[local-name()=&#039;svg&#039;][4]/*[name()=&#039;g&#039;][1]/*[name()=&#039;path&#039;][1]&quot;}
  (Session info: chrome=88.0.4324.182)
For documentation on this error, please visit: http://seleniumhq.org/exceptions/no_such_element.html
Build info: version: &#039;3.10.0&#039;, revision: &#039;176b4a9&#039;, time: &#039;2018-03-02T19:03:16.397Z&#039;
System info: host: &#039;LAPTOP-SJRP3D7L&#039;, ip: &#039;192.168.0.21&#039;, os.name: &#039;Windows 10&#039;, os.arch: &#039;amd64&#039;, os.version: &#039;10.0&#039;, java.version: &#039;1.8.0_211&#039;
Driver info: org.openqa.selenium.chrome.ChromeDriver
Capabilities {acceptInsecureCerts: false, browserName: chrome, browserVersion: 88.0.4324.182, chrome: {chromedriverVersion: 88.0.4324.96 (68dba2d8a0b14..., userDataDir: C:\Users\kisho\AppData\Loca...}, goog:chromeOptions: {debuggerAddress: localhost:55263}, javascriptEnabled: true, networkConnectionEnabled: false, pageLoadStrategy: normal, platform: WINDOWS, platformName: WINDOWS, proxy: Proxy(), setWindowRect: true, strictFileInteractability: false, timeouts: {implicit: 0, pageLoad: 300000, script: 30000}, unhandledPromptBehavior: dismiss and notify, webauthn:extension:largeBlob: true, webauthn:virtualAuthenticators: true}
Session ID: 03a10de37d29fa2600f0374d10c5135c
*** Element info: {Using=xpath, value=//review-star[@class=&#039;rvs-svg&#039;]//div[@class=&#039;rating-box-wrapper&#039;]//*[local-name()=&#039;svg&#039;][4]/*[name()=&#039;g&#039;][1]/*[name()=&#039;path&#039;][1]}">
      <![CDATA[org.openqa.selenium.NoSuchElementException: no such element: Unable to locate element: {"method":"xpath","selector":"//review-star[@class='rvs-svg']//div[@class='rating-box-wrapper']//*[local-name()='svg'][4]/*[name()='g'][1]/*[name()='path'][1]"}
  (Session info: chrome=88.0.4324.182)
For documentation on this error, please visit: http://seleniumhq.org/exceptions/no_such_element.html
Build info: version: '3.10.0', revision: '176b4a9', time: '2018-03-02T19:03:16.397Z'
System info: host: 'LAPTOP-SJRP3D7L', ip: '192.168.0.21', os.name: 'Windows 10', os.arch: 'amd64', os.version: '10.0', java.version: '1.8.0_211'
Driver info: org.openqa.selenium.chrome.ChromeDriver
Capabilities {acceptInsecureCerts: false, browserName: chrome, browserVersion: 88.0.4324.182, chrome: {chromedriverVersion: 88.0.4324.96 (68dba2d8a0b14..., userDataDir: C:\Users\kisho\AppData\Loca...}, goog:chromeOptions: {debuggerAddress: localhost:55263}, javascriptEnabled: true, networkConnectionEnabled: false, pageLoadStrategy: normal, platform: WINDOWS, platformName: WINDOWS, proxy: Proxy(), setWindowRect: true, strictFileInteractability: false, timeouts: {implicit: 0, pageLoad: 300000, script: 30000}, unhandledPromptBehavior: dismiss and notify, webauthn:extension:largeBlob: true, webauthn:virtualAuthenticators: true}
Session ID: 03a10de37d29fa2600f0374d10c5135c
*** Element info: {Using=xpath, value=//review-star[@class='rvs-svg']//div[@class='rating-box-wrapper']//*[local-name()='svg'][4]/*[name()='g'][1]/*[name()='path'][1]}
	at sun.reflect.NativeConstructorAccessorImpl.newInstance0(Native Method)
	at sun.reflect.NativeConstructorAccessorImpl.newInstance(Unknown Source)
	at sun.reflect.DelegatingConstructorAccessorImpl.newInstance(Unknown Source)
	at java.lang.reflect.Constructor.newInstance(Unknown Source)
	at org.openqa.selenium.remote.http.W3CHttpResponseCodec.createException(W3CHttpResponseCodec.java:187)
	at org.openqa.selenium.remote.http.W3CHttpResponseCodec.decode(W3CHttpResponseCodec.java:122)
	at org.openqa.selenium.remote.http.W3CHttpResponseCodec.decode(W3CHttpResponseCodec.java:49)
	at org.openqa.selenium.remote.HttpCommandExecutor.execute(HttpCommandExecutor.java:160)
	at org.openqa.selenium.remote.service.DriverCommandExecutor.execute(DriverCommandExecutor.java:83)
	at org.openqa.selenium.remote.RemoteWebDriver.execute(RemoteWebDriver.java:601)
	at org.openqa.selenium.remote.RemoteWebDriver.findElement(RemoteWebDriver.java:371)
	at org.openqa.selenium.remote.RemoteWebDriver.findElementByXPath(RemoteWebDriver.java:473)
	at org.openqa.selenium.By$ByXPath.findElement(By.java:361)
	at org.openqa.selenium.remote.RemoteWebDriver.findElement(RemoteWebDriver.java:363)
	at wallet.pages.ReviewsPage.houverstars(ReviewsPage.java:39)
	at wallet.pages.ReviewsPage.clickonstar_hovered(ReviewsPage.java:53)
	at parallel.Walletcheck.reviewstars_are_hovered_and_clicked(Walletcheck.java:47)
	at ✽.reviewstars are hovered and  clicked(file:///C:/Users/kisho/eclipse-workspace/Test.Hybrid/src/test/resources/com/parallel/Walletcheck.feature:14)
]]>
    </error>
  </testcase> <!-- runScenario -->
  <testcase name="runScenario" time="205.228" classname="parallel.MyTestRunner">
    <failure type="java.lang.AssertionError" message="expected [] but found [Hello World]">
      <![CDATA[java.lang.AssertionError: expected [] but found [Hello World]
	at org.testng.Assert.fail(Assert.java:94)
	at org.testng.Assert.failNotEquals(Assert.java:496)
	at org.testng.Assert.assertEquals(Assert.java:125)
	at org.testng.Assert.assertEquals(Assert.java:178)
	at org.testng.Assert.assertEquals(Assert.java:188)
	at parallel.checktest.post_the_message(checktest.java:64)
	at ✽.Post the message(file:///C:/Users/kisho/eclipse-workspace/Test.Hybrid/src/test/resources/com/parallel/check.feature:8)
]]>
    </failure>
  </testcase> <!-- runScenario -->
</testsuite> <!-- parallel.MyTestRunner -->
