<html>
<head>
<title>TestNG:  Default test</title>
<link href="../testng.css" rel="stylesheet" type="text/css" />
<link href="../my-testng.css" rel="stylesheet" type="text/css" />

<style type="text/css">
.log { display: none;} 
.stack-trace { display: none;} 
</style>
<script type="text/javascript">
<!--
function flip(e) {
  current = e.style.display;
  if (current == 'block') {
    e.style.display = 'none';
    return 0;
  }
  else {
    e.style.display = 'block';
    return 1;
  }
}

function toggleBox(szDivId, elem, msg1, msg2)
{
  var res = -1;  if (document.getElementById) {
    res = flip(document.getElementById(szDivId));
  }
  else if (document.all) {
    // this is the way old msie versions work
    res = flip(document.all[szDivId]);
  }
  if(elem) {
    if(res == 0) elem.innerHTML = msg1; else elem.innerHTML = msg2;
  }

}

function toggleAllBoxes() {
  if (document.getElementsByTagName) {
    d = document.getElementsByTagName('div');
    for (i = 0; i < d.length; i++) {
      if (d[i].className == 'log') {
        flip(d[i]);
      }
    }
  }
}

// -->
</script>

</head>
<body>
<h2 align='center'>Default test</h2><table border='1' align="center">
<tr>
<td>Tests passed/Failed/Skipped:</td><td>0/2/0</td>
</tr><tr>
<td>Started on:</td><td>Sun Feb 14 10:12:06 PST 2021</td>
</tr>
<tr><td>Total time:</td><td>45 seconds (45240 ms)</td>
</tr><tr>
<td>Included groups:</td><td></td>
</tr><tr>
<td>Excluded groups:</td><td></td>
</tr>
</table><p/>
<small><i>(Hover the method name to see the test class name)</i></small><p/>
<table width='100%' border='1' class='invocation-failed'>
<tr><td colspan='4' align='center'><b>FAILED TESTS</b></td></tr>
<tr><td><b>Test method</b></td>
<td width="30%"><b>Exception</b></td>
<td width="10%"><b>Time (seconds)</b></td>
<td><b>Instance</b></td>
</tr>
<tr>
<td title='parallel.MyTestRunner.runScenario()'><b>runScenario</b><br>Test class: parallel.MyTestRunner<br>Test method: Runs Cucumber Scenarios<br>Parameters: "Checking WalletHub feature", "Optional[Login to Wallet Hub.]"</td>
<td><div><pre>java.lang.NullPointerException
	at wallet.pages.ReviewsPage.houverstars(ReviewsPage.java:30)
	at wallet.pages.ReviewsPage.clickonstar_hovered(ReviewsPage.java:42)
	at parallel.Walletcheck.reviewstars_are_hovered_and_clicked(Walletcheck.java:40)
	at ?.reviewstars are hovered and  clicked(file:///C:/Users/kisho/eclipse-workspace/Test.Hybrid/src/test/resources/com/parallel/Walletcheck.feature:14)
</pre></div><a href='#' onClick='toggleBox("stack-trace613101369", this, "Click to show all stack frames", "Click to hide stack frames")'>Click to show all stack frames</a>
<div class='stack-trace' id='stack-trace613101369'><pre>java.lang.NullPointerException
	at wallet.pages.ReviewsPage.houverstars(ReviewsPage.java:30)
	at wallet.pages.ReviewsPage.clickonstar_hovered(ReviewsPage.java:42)
	at parallel.Walletcheck.reviewstars_are_hovered_and_clicked(Walletcheck.java:40)
	at ?.reviewstars are hovered and  clicked(file:///C:/Users/kisho/eclipse-workspace/Test.Hybrid/src/test/resources/com/parallel/Walletcheck.feature:14)
</pre></div></td>
<td>37</td>
<td>parallel.MyTestRunner@19d37183</td></tr>
<tr>
<td title='parallel.MyTestRunner.runScenario()'><b>runScenario</b><br>Test class: parallel.MyTestRunner<br>Test method: Runs Cucumber Scenarios<br>Parameters: "validating details", "Optional[testing login details]"</td>
<td><div><pre>java.lang.AssertionError: expected [] but found [Hello World]
	at org.testng.Assert.fail(Assert.java:94)
	at org.testng.Assert.failNotEquals(Assert.java:496)
	at org.testng.Assert.assertEquals(Assert.java:125)
	at org.testng.Assert.assertEquals(Assert.java:178)
	at org.testng.Assert.assertEquals(Assert.java:188)
	at parallel.checktest.post_the_message(checktest.java:64)
	at ?.Post the message(file:///C:/Users/kisho/eclipse-workspace/Test.Hybrid/src/test/resources/com/parallel/check.feature:8)
</pre></div><a href='#' onClick='toggleBox("stack-trace456614511", this, "Click to show all stack frames", "Click to hide stack frames")'>Click to show all stack frames</a>
<div class='stack-trace' id='stack-trace456614511'><pre>java.lang.AssertionError: expected [] but found [Hello World]
	at org.testng.Assert.fail(Assert.java:94)
	at org.testng.Assert.failNotEquals(Assert.java:496)
	at org.testng.Assert.assertEquals(Assert.java:125)
	at org.testng.Assert.assertEquals(Assert.java:178)
	at org.testng.Assert.assertEquals(Assert.java:188)
	at parallel.checktest.post_the_message(checktest.java:64)
	at ?.Post the message(file:///C:/Users/kisho/eclipse-workspace/Test.Hybrid/src/test/resources/com/parallel/check.feature:8)
</pre></div></td>
<td>43</td>
<td>parallel.MyTestRunner@19d37183</td></tr>
</table><p>
</body>
</html>